Using pre-set license
Built from '2021.3/staging' branch; Version is '2021.3.1f1 (3b70a0754835) revision 3895456'; Using compiler version '192829333'; Build Type 'Release'
OS: 'Windows 10  (10.0.19044) 64bit Professional' Language: 'ru' Physical Memory: 32701 MB
BatchMode: 1, IsHumanControllingUs: 0, StartBugReporterOnCrash: 0, Is64bit: 1, IsPro: 1

COMMAND LINE ARGUMENTS:
C:\Program Files\Unity\Hub\Editor\2021.3.1f1\Editor\Unity.exe
-adb2
-batchMode
-noUpm
-name
AssetImportWorker7
-projectPath
C:/Projects/qubix
-logFile
Logs/AssetImportWorker7.log
-srvPort
51474
Successfully changed project path to: C:/Projects/qubix
C:/Projects/qubix
[UnityMemory] Configuration Parameters - Can be set up in boot.config
    "memorysetup-bucket-allocator-granularity=16"
    "memorysetup-bucket-allocator-bucket-count=8"
    "memorysetup-bucket-allocator-block-size=33554432"
    "memorysetup-bucket-allocator-block-count=8"
    "memorysetup-main-allocator-block-size=16777216"
    "memorysetup-thread-allocator-block-size=16777216"
    "memorysetup-gfx-main-allocator-block-size=16777216"
    "memorysetup-gfx-thread-allocator-block-size=16777216"
    "memorysetup-cache-allocator-block-size=4194304"
    "memorysetup-typetree-allocator-block-size=2097152"
    "memorysetup-profiler-bucket-allocator-granularity=16"
    "memorysetup-profiler-bucket-allocator-bucket-count=8"
    "memorysetup-profiler-bucket-allocator-block-size=33554432"
    "memorysetup-profiler-bucket-allocator-block-count=8"
    "memorysetup-profiler-allocator-block-size=16777216"
    "memorysetup-profiler-editor-allocator-block-size=1048576"
    "memorysetup-temp-allocator-size-main=16777216"
    "memorysetup-job-temp-allocator-block-size=2097152"
    "memorysetup-job-temp-allocator-block-size-background=1048576"
    "memorysetup-job-temp-allocator-reduction-small-platforms=262144"
    "memorysetup-temp-allocator-size-background-worker=32768"
    "memorysetup-temp-allocator-size-job-worker=262144"
    "memorysetup-temp-allocator-size-preload-manager=33554432"
    "memorysetup-temp-allocator-size-nav-mesh-worker=65536"
    "memorysetup-temp-allocator-size-audio-worker=65536"
    "memorysetup-temp-allocator-size-cloud-worker=32768"
    "memorysetup-temp-allocator-size-gi-baking-worker=262144"
    "memorysetup-temp-allocator-size-gfx=262144"
Refreshing native plugins compatible for Editor in 104.64 ms, found 2 plugins.
Preloading 0 native plugins for Editor in 0.00 ms.
Initialize engine version: 2021.3.1f1 (3b70a0754835)
[Subsystems] Discovering subsystems at path C:/Program Files/Unity/Hub/Editor/2021.3.1f1/Editor/Data/Resources/UnitySubsystems
[Subsystems] Discovering subsystems at path C:/Projects/qubix/Assets
GfxDevice: creating device client; threaded=0; jobified=0
Direct3D:
    Version:  Direct3D 11.0 [level 11.1]
    Renderer: NVIDIA GeForce RTX 2060 (ID=0x1f03)
    Vendor:   NVIDIA
    VRAM:     12087 MB
    Driver:   30.0.14.9709
Shader 'NeatWolf/NW_Particle Rim AddSmooth 2S': fallback shader 'Particles/Additive (Soft)' not found
Shader 'NeatWolf/NW_Particle Rim AddSmooth': fallback shader 'Particles/Additive (Soft)' not found
Shader 'WFX/Transparent Specular': fallback shader 'Particles/Alpha Blended' not found
Shader 'WFX/Transparent Diffuse': fallback shader 'Particles/Alpha Blended' not found
Initialize mono
Mono path[0] = 'C:/Program Files/Unity/Hub/Editor/2021.3.1f1/Editor/Data/Managed'
Mono path[1] = 'C:/Program Files/Unity/Hub/Editor/2021.3.1f1/Editor/Data/MonoBleedingEdge/lib/mono/unityjit-win32'
Mono config path = 'C:/Program Files/Unity/Hub/Editor/2021.3.1f1/Editor/Data/MonoBleedingEdge/etc'
Using monoOptions --debugger-agent=transport=dt_socket,embedding=1,server=y,suspend=n,address=127.0.0.1:56088
Begin MonoManager ReloadAssembly
Registering precompiled unity dll's ...
Register platform support module: C:/Program Files/Unity/Hub/Editor/2021.3.1f1/Editor/Data/PlaybackEngines/WebGLSupport/UnityEditor.WebGL.Extensions.dll
Register platform support module: C:/Program Files/Unity/Hub/Editor/2021.3.1f1/Editor/Data/PlaybackEngines/AndroidPlayer/UnityEditor.Android.Extensions.dll
Register platform support module: C:/Program Files/Unity/Hub/Editor/2021.3.1f1/Editor/Data/PlaybackEngines/WindowsStandaloneSupport/UnityEditor.WindowsStandalone.Extensions.dll
Registered in 0.008941 seconds.
Native extension for WindowsStandalone target not found
Native extension for Android target not found
Native extension for WebGL target not found
Refreshing native plugins compatible for Editor in 100.42 ms, found 2 plugins.
Preloading 0 native plugins for Editor in 0.00 ms.
Mono: successfully reloaded assembly
- Completed reload, in  0.707 seconds
Domain Reload Profiling:
	ReloadAssembly (707ms)
		BeginReloadAssembly (75ms)
			ExecutionOrderSort (0ms)
			DisableScriptedObjects (0ms)
			BackupInstance (0ms)
			ReleaseScriptingObjects (0ms)
			CreateAndSetChildDomain (1ms)
		EndReloadAssembly (514ms)
			LoadAssemblies (74ms)
			RebuildTransferFunctionScriptingTraits (0ms)
			SetupTypeCache (111ms)
			ReleaseScriptCaches (0ms)
			RebuildScriptCaches (33ms)
			SetupLoadedEditorAssemblies (313ms)
				LogAssemblyErrors (0ms)
				InitializePlatformSupportModulesInManaged (58ms)
				SetLoadedEditorAssemblies (0ms)
				RefreshPlugins (100ms)
				BeforeProcessingInitializeOnLoad (2ms)
				ProcessInitializeOnLoadAttributes (104ms)
				ProcessInitializeOnLoadMethodAttributes (49ms)
				AfterProcessingInitializeOnLoad (0ms)
				EditorAssembliesLoaded (0ms)
			ExecutionOrderSort2 (0ms)
			AwakeInstancesAfterBackupRestoration (0ms)
Platform modules already initialized, skipping
Registering precompiled user dll's ...
Registered in 0.010725 seconds.
Begin MonoManager ReloadAssembly
Symbol file LoadedFromMemory is not a mono symbol file
Native extension for WindowsStandalone target not found
Native extension for Android target not found
Native extension for WebGL target not found
Refreshing native plugins compatible for Editor in 96.60 ms, found 2 plugins.
Preloading 0 native plugins for Editor in 0.00 ms.

=================================================================
	Native Crash Reporting
=================================================================
Got a UNKNOWN while executing native code. This usually indicates
a fatal error in the mono runtime or one of the native libraries 
used by your application.
=================================================================

=================================================================
	Managed Stacktrace:
=================================================================
	  at <unknown> <0xffffffff>
	  at UnityEditor.AssetDatabase:ImportAsset <0x000eb>
	  at ME.ECSEditor.ScriptTemplates:Create <0x0188a>
	  at ME.ECSEditor.Generator:CompileDirectory <0x03c22>
	  at ME.ECSEditor.Generator:OnAfterAssemblyReload <0x0093a>
	  at ME.ECSEditor.StructComponentsGenerator:OnAfterAssemblyReload <0x000b2>
	  at ME.ECSEditor.StructComponentsGenerator:.cctor <0x002a2>
	  at System.Object:runtime_invoke_void <0x00184>
	  at <unknown> <0xffffffff>
	  at System.Runtime.CompilerServices.RuntimeHelpers:RunClassConstructor <0x000c1>
	  at System.Runtime.CompilerServices.RuntimeHelpers:RunClassConstructor <0x0019a>
	  at UnityEditor.EditorAssemblies:ProcessInitializeOnLoadAttributes <0x00652>
	  at <Module>:runtime_invoke_void_object <0x0018a>
=================================================================
Received signal SIGSEGV
Obtained 39 stack frames
0x00007ff6b98e3a22 (Unity) <lambda_283f97c31f4e30d8552a28501eddf336>::operator()
0x00007ff6b991daa1 (Unity) LMDB_Transaction::Run
0x00007ff6b991de44 (Unity) SourceAssetDBWriteTxn::Run
0x00007ff6b98f2a4f (Unity) SourceAssetScanner::Refresh
0x00007ff6b98be7ec (Unity) ImportAtPathV2
0x00007ff6b984e822 (Unity) AssetDatabase::ImportAtPath
0x00007ff6b7d30879 (Unity) AssetDatabase_CUSTOM_ImportAsset
0x0000024dd065269c (Mono JIT Code) (wrapper managed-to-native) UnityEditor.AssetDatabase:ImportAsset (string,UnityEditor.ImportAssetOptions)
0x0000024dd064e79b (Mono JIT Code) [ScriptTemplates.cs:191] ME.ECSEditor.ScriptTemplates:Create (string,string,string,System.Collections.Generic.Dictionary`2<string, string>,bool,System.Action`1<UnityEngine.Object>) 
0x0000024dd0637b53 (Mono JIT Code) [Generator.cs:496] ME.ECSEditor.Generator:CompileDirectory (string) 
0x0000024dd063170b (Mono JIT Code) [Generator.cs:110] ME.ECSEditor.Generator:OnAfterAssemblyReload (bool,bool) 
0x0000024dd0630883 (Mono JIT Code) [StructComponentsGenerator.cs:82] ME.ECSEditor.StructComponentsGenerator:OnAfterAssemblyReload () 
0x0000024dd062f923 (Mono JIT Code) [StructComponentsGenerator.cs:32] ME.ECSEditor.StructComponentsGenerator:.cctor () 
0x0000024dd062fb75 (Mono JIT Code) (wrapper runtime-invoke) object:runtime_invoke_void (object,intptr,intptr,intptr)
0x00007ffe4ccce0a4 (mono-2.0-bdwgc) [mini-runtime.c:3445] mono_jit_runtime_invoke 
0x00007ffe4cc0e744 (mono-2.0-bdwgc) [object.c:3066] do_runtime_invoke 
0x00007ffe4cc097f0 (mono-2.0-bdwgc) [object.c:563] mono_runtime_class_init_full 
0x00007ffe4cb76240 (mono-2.0-bdwgc) [icall-def.h:751] ves_icall_System_Runtime_CompilerServices_RuntimeHelpers_RunClassConstructor_raw 
0x0000024dc9cea102 (Mono JIT Code) (wrapper managed-to-native) System.Runtime.CompilerServices.RuntimeHelpers:RunClassConstructor (intptr)
0x0000024dc9ce9fdb (Mono JIT Code) System.Runtime.CompilerServices.RuntimeHelpers:RunClassConstructor (System.RuntimeTypeHandle)
0x0000024dc9ce7503 (Mono JIT Code) UnityEditor.EditorAssemblies:ProcessInitializeOnLoadAttributes (System.Type[])
0x0000024dc9c40dab (Mono JIT Code) (wrapper runtime-invoke) <Module>:runtime_invoke_void_object (object,intptr,intptr,intptr)
0x00007ffe4ccce0a4 (mono-2.0-bdwgc) [mini-runtime.c:3445] mono_jit_runtime_invoke 
0x00007ffe4cc0e744 (mono-2.0-bdwgc) [object.c:3066] do_runtime_invoke 
0x00007ffe4cc0e8dc (mono-2.0-bdwgc) [object.c:3113] mono_runtime_invoke 
0x00007ff6b850f454 (Unity) scripting_method_invoke
0x00007ff6b850a074 (Unity) ScriptingInvocation::Invoke
0x00007ff6b8503995 (Unity) ScriptingInvocation::Invoke<void>
0x00007ff6b8642693 (Unity) Scripting::UnityEditor::EditorAssembliesProxy::ProcessInitializeOnLoadAttributes
0x00007ff6b84e39eb (Unity) MonoManager::SetupLoadedEditorAssemblies
0x00007ff6b84d95bd (Unity) MonoManager::EndReloadAssembly
0x00007ff6b84e0fe8 (Unity) MonoManager::ReloadAssembly
0x00007ff6b9413a62 (Unity) LoadDomainAndUserAssemblies
0x00007ff6b9414194 (Unity) LoadUserAssemblies
0x00007ff6b910a67b (Unity) Application::InitializeProject
0x00007ff6b95626d8 (Unity) WinMain
0x00007ff6ba88427e (Unity) __scrt_common_main_seh
0x00007ffea62a7034 (KERNEL32) BaseThreadInitThunk
0x00007ffea75a2651 (ntdll) RtlUserThreadStart

