Using pre-set license
Built from '2021.3/staging' branch; Version is '2021.3.1f1 (3b70a0754835) revision 3895456'; Using compiler version '192829333'; Build Type 'Release'
OS: 'Windows 10  (10.0.19044) 64bit Professional' Language: 'ru' Physical Memory: 32701 MB
BatchMode: 1, IsHumanControllingUs: 0, StartBugReporterOnCrash: 0, Is64bit: 1, IsPro: 1

COMMAND LINE ARGUMENTS:
C:\Program Files\Unity\Hub\Editor\2021.3.1f1\Editor\Unity.exe
-adb2
-batchMode
-noUpm
-name
AssetImportWorker6
-projectPath
C:/Projects/qubix
-logFile
Logs/AssetImportWorker6.log
-srvPort
51474
Successfully changed project path to: C:/Projects/qubix
C:/Projects/qubix
[UnityMemory] Configuration Parameters - Can be set up in boot.config
    "memorysetup-bucket-allocator-granularity=16"
    "memorysetup-bucket-allocator-bucket-count=8"
    "memorysetup-bucket-allocator-block-size=33554432"
    "memorysetup-bucket-allocator-block-count=8"
    "memorysetup-main-allocator-block-size=16777216"
    "memorysetup-thread-allocator-block-size=16777216"
    "memorysetup-gfx-main-allocator-block-size=16777216"
    "memorysetup-gfx-thread-allocator-block-size=16777216"
    "memorysetup-cache-allocator-block-size=4194304"
    "memorysetup-typetree-allocator-block-size=2097152"
    "memorysetup-profiler-bucket-allocator-granularity=16"
    "memorysetup-profiler-bucket-allocator-bucket-count=8"
    "memorysetup-profiler-bucket-allocator-block-size=33554432"
    "memorysetup-profiler-bucket-allocator-block-count=8"
    "memorysetup-profiler-allocator-block-size=16777216"
    "memorysetup-profiler-editor-allocator-block-size=1048576"
    "memorysetup-temp-allocator-size-main=16777216"
    "memorysetup-job-temp-allocator-block-size=2097152"
    "memorysetup-job-temp-allocator-block-size-background=1048576"
    "memorysetup-job-temp-allocator-reduction-small-platforms=262144"
    "memorysetup-temp-allocator-size-background-worker=32768"
    "memorysetup-temp-allocator-size-job-worker=262144"
    "memorysetup-temp-allocator-size-preload-manager=33554432"
    "memorysetup-temp-allocator-size-nav-mesh-worker=65536"
    "memorysetup-temp-allocator-size-audio-worker=65536"
    "memorysetup-temp-allocator-size-cloud-worker=32768"
    "memorysetup-temp-allocator-size-gi-baking-worker=262144"
    "memorysetup-temp-allocator-size-gfx=262144"
Refreshing native plugins compatible for Editor in 102.37 ms, found 2 plugins.
Preloading 0 native plugins for Editor in 0.00 ms.
Initialize engine version: 2021.3.1f1 (3b70a0754835)
[Subsystems] Discovering subsystems at path C:/Program Files/Unity/Hub/Editor/2021.3.1f1/Editor/Data/Resources/UnitySubsystems
[Subsystems] Discovering subsystems at path C:/Projects/qubix/Assets
GfxDevice: creating device client; threaded=0; jobified=0
Direct3D:
    Version:  Direct3D 11.0 [level 11.1]
    Renderer: NVIDIA GeForce RTX 2060 (ID=0x1f03)
    Vendor:   NVIDIA
    VRAM:     12087 MB
    Driver:   30.0.14.9709
Shader 'NeatWolf/NW_Particle Rim AddSmooth 2S': fallback shader 'Particles/Additive (Soft)' not found
Shader 'NeatWolf/NW_Particle Rim AddSmooth': fallback shader 'Particles/Additive (Soft)' not found
Shader 'WFX/Transparent Specular': fallback shader 'Particles/Alpha Blended' not found
Shader 'WFX/Transparent Diffuse': fallback shader 'Particles/Alpha Blended' not found
Initialize mono
Mono path[0] = 'C:/Program Files/Unity/Hub/Editor/2021.3.1f1/Editor/Data/Managed'
Mono path[1] = 'C:/Program Files/Unity/Hub/Editor/2021.3.1f1/Editor/Data/MonoBleedingEdge/lib/mono/unityjit-win32'
Mono config path = 'C:/Program Files/Unity/Hub/Editor/2021.3.1f1/Editor/Data/MonoBleedingEdge/etc'
Using monoOptions --debugger-agent=transport=dt_socket,embedding=1,server=y,suspend=n,address=127.0.0.1:56492
Begin MonoManager ReloadAssembly
Registering precompiled unity dll's ...
Register platform support module: C:/Program Files/Unity/Hub/Editor/2021.3.1f1/Editor/Data/PlaybackEngines/WebGLSupport/UnityEditor.WebGL.Extensions.dll
Register platform support module: C:/Program Files/Unity/Hub/Editor/2021.3.1f1/Editor/Data/PlaybackEngines/AndroidPlayer/UnityEditor.Android.Extensions.dll
Register platform support module: C:/Program Files/Unity/Hub/Editor/2021.3.1f1/Editor/Data/PlaybackEngines/WindowsStandaloneSupport/UnityEditor.WindowsStandalone.Extensions.dll
Registered in 0.009341 seconds.
Native extension for WindowsStandalone target not found
Native extension for Android target not found
Native extension for WebGL target not found
Refreshing native plugins compatible for Editor in 100.32 ms, found 2 plugins.
Preloading 0 native plugins for Editor in 0.00 ms.
Mono: successfully reloaded assembly
- Completed reload, in  0.707 seconds
Domain Reload Profiling:
	ReloadAssembly (707ms)
		BeginReloadAssembly (75ms)
			ExecutionOrderSort (0ms)
			DisableScriptedObjects (0ms)
			BackupInstance (0ms)
			ReleaseScriptingObjects (0ms)
			CreateAndSetChildDomain (1ms)
		EndReloadAssembly (514ms)
			LoadAssemblies (74ms)
			RebuildTransferFunctionScriptingTraits (0ms)
			SetupTypeCache (111ms)
			ReleaseScriptCaches (0ms)
			RebuildScriptCaches (34ms)
			SetupLoadedEditorAssemblies (312ms)
				LogAssemblyErrors (0ms)
				InitializePlatformSupportModulesInManaged (57ms)
				SetLoadedEditorAssemblies (0ms)
				RefreshPlugins (100ms)
				BeforeProcessingInitializeOnLoad (1ms)
				ProcessInitializeOnLoadAttributes (104ms)
				ProcessInitializeOnLoadMethodAttributes (49ms)
				AfterProcessingInitializeOnLoad (0ms)
				EditorAssembliesLoaded (0ms)
			ExecutionOrderSort2 (0ms)
			AwakeInstancesAfterBackupRestoration (0ms)
Platform modules already initialized, skipping
Registering precompiled user dll's ...
Registered in 0.010640 seconds.
Begin MonoManager ReloadAssembly
Symbol file LoadedFromMemory is not a mono symbol file
Native extension for WindowsStandalone target not found
Native extension for Android target not found
Native extension for WebGL target not found
Refreshing native plugins compatible for Editor in 96.59 ms, found 2 plugins.
Preloading 0 native plugins for Editor in 0.00 ms.
System.IO.IOException: Sharing violation on path C:\Projects\qubix\Assets\Project\Generator\gen\compiler.gen.structcomponents.cs
  at System.IO.FileStream..ctor (System.String path, System.IO.FileMode mode, System.IO.FileAccess access, System.IO.FileShare share, System.Int32 bufferSize, System.Boolean anonymous, System.IO.FileOptions options) [0x0019e] in <6073cf49ed704e958b8a66d540dea948>:0 
  at System.IO.FileStream..ctor (System.String path, System.IO.FileMode mode, System.IO.FileAccess access, System.IO.FileShare share, System.Int32 bufferSize, System.IO.FileOptions options) [0x00000] in <6073cf49ed704e958b8a66d540dea948>:0 
  at (wrapper remoting-invoke-with-check) System.IO.FileStream..ctor(string,System.IO.FileMode,System.IO.FileAccess,System.IO.FileShare,int,System.IO.FileOptions)
  at System.IO.StreamReader..ctor (System.String path, System.Text.Encoding encoding, System.Boolean detectEncodingFromByteOrderMarks, System.Int32 bufferSize) [0x00055] in <6073cf49ed704e958b8a66d540dea948>:0 
  at System.IO.StreamReader..ctor (System.String path, System.Text.Encoding encoding, System.Boolean detectEncodingFromByteOrderMarks) [0x00000] in <6073cf49ed704e958b8a66d540dea948>:0 
  at (wrapper remoting-invoke-with-check) System.IO.StreamReader..ctor(string,System.Text.Encoding,bool)
  at System.IO.File.InternalReadAllText (System.String path, System.Text.Encoding encoding) [0x00000] in <6073cf49ed704e958b8a66d540dea948>:0 
  at System.IO.File.ReadAllText (System.String path) [0x0002c] in <6073cf49ed704e958b8a66d540dea948>:0 
  at ME.ECSEditor.ScriptTemplates.Create (System.String path, System.String fileName, System.String templateName, System.Collections.Generic.Dictionary`2[TKey,TValue] customDefines, System.Boolean allowRename, System.Action`1[T] onCreated) [0x00200] in C:\Projects\qubix\Assets\ecs-submodule\Editor\Templates\ScriptTemplates.cs:178 
  at ME.ECSEditor.Generator.CompileDirectory (System.String dir) [0x00792] in C:\Projects\qubix\Assets\ecs-submodule\Editor\Generator\Generator.cs:496 
  at ME.ECSEditor.Generator.OnAfterAssemblyReload (System.Boolean delete, System.Boolean forced) [0x00112] in C:\Projects\qubix\Assets\ecs-submodule\Editor\Generator\Generator.cs:110 
  at ME.ECSEditor.StructComponentsGenerator.OnAfterAssemblyReload () [0x00007] in C:\Projects\qubix\Assets\ecs-submodule\Editor\Generator\StructComponentsGenerator.cs:82 
  at ME.ECSEditor.StructComponentsGenerator..cctor () [0x00044] in C:\Projects\qubix\Assets\ecs-submodule\Editor\Generator\StructComponentsGenerator.cs:32 
UnityEngine.StackTraceUtility:ExtractStackTrace ()
UnityEngine.DebugLogHandler:LogFormat (UnityEngine.LogType,UnityEngine.Object,string,object[])
UnityEngine.Logger:Log (UnityEngine.LogType,object)
UnityEngine.Debug:LogError (object)
UnityEditor.EditorAssemblies:ProcessInitializeOnLoadAttributes (System.Type[])

Mono: successfully reloaded assembly
IOException: Sharing violation on path C:\Projects\qubix\Assets\Project\Generator\gen\compiler.gen.structcomponents.cs
  at System.IO.FileStream..ctor (System.String path, System.IO.FileMode mode, System.IO.FileAccess access, System.IO.FileShare share, System.Int32 bufferSize, System.Boolean anonymous, System.IO.FileOptions options) [0x0019e] in <6073cf49ed704e958b8a66d540dea948>:0 
  at System.IO.FileStream..ctor (System.String path, System.IO.FileMode mode, System.IO.FileAccess access, System.IO.FileShare share, System.Int32 bufferSize, System.IO.FileOptions options) [0x00000] in <6073cf49ed704e958b8a66d540dea948>:0 
  at (wrapper remoting-invoke-with-check) System.IO.FileStream..ctor(string,System.IO.FileMode,System.IO.FileAccess,System.IO.FileShare,int,System.IO.FileOptions)
  at System.IO.StreamReader..ctor (System.String path, System.Text.Encoding encoding, System.Boolean detectEncodingFromByteOrderMarks, System.Int32 bufferSize) [0x00055] in <6073cf49ed704e958b8a66d540dea948>:0 
  at System.IO.StreamReader..ctor (System.String path, System.Text.Encoding encoding, System.Boolean detectEncodingFromByteOrderMarks) [0x00000] in <6073cf49ed704e958b8a66d540dea948>:0 
  at (wrapper remoting-invoke-with-check) System.IO.StreamReader..ctor(string,System.Text.Encoding,bool)
  at System.IO.File.InternalReadAllText (System.String path, System.Text.Encoding encoding) [0x00000] in <6073cf49ed704e958b8a66d540dea948>:0 
  at System.IO.File.ReadAllText (System.String path) [0x0002c] in <6073cf49ed704e958b8a66d540dea948>:0 
  at ME.ECSEditor.ScriptTemplates.Create (System.String path, System.String fileName, System.String templateName, System.Collections.Generic.Dictionary`2[TKey,TValue] customDefines, System.Boolean allowRename, System.Action`1[T] onCreated) [0x00200] in C:\Projects\qubix\Assets\ecs-submodule\Editor\Templates\ScriptTemplates.cs:178 
  at ME.ECSEditor.Generator.CompileDirectory (System.String dir) [0x00792] in C:\Projects\qubix\Assets\ecs-submodule\Editor\Generator\Generator.cs:496 
  at ME.ECSEditor.Generator.OnAfterAssemblyReload (System.Boolean delete, System.Boolean forced) [0x00112] in C:\Projects\qubix\Assets\ecs-submodule\Editor\Generator\Generator.cs:110 
  at ME.ECSEditor.StructComponentsGenerator.OnAfterAssemblyReload () [0x00007] in C:\Projects\qubix\Assets\ecs-submodule\Editor\Generator\StructComponentsGenerator.cs:82 
  at ME.ECSEditor.StructComponentsGenerator..cctor () [0x00044] in C:\Projects\qubix\Assets\ecs-submodule\Editor\Generator\StructComponentsGenerator.cs:32 
Rethrow as TypeInitializationException: The type initializer for 'ME.ECSEditor.StructComponentsGenerator' threw an exception.
  at UnityEditor.AssemblyReloadEvents.OnAfterAssemblyReload () [0x00017] in <1135c66e5f4c41a7831fa5798849d8b6>:0 

(Filename: Assets/ecs-submodule/Editor/Templates/ScriptTemplates.cs Line: 178)

- Completed reload, in  2.769 seconds
Domain Reload Profiling:
	ReloadAssembly (2770ms)
		BeginReloadAssembly (218ms)
			ExecutionOrderSort (0ms)
			DisableScriptedObjects (6ms)
			BackupInstance (0ms)
			ReleaseScriptingObjects (0ms)
			CreateAndSetChildDomain (124ms)
		EndReloadAssembly (2450ms)
			LoadAssemblies (119ms)
			RebuildTransferFunctionScriptingTraits (0ms)
			SetupTypeCache (1330ms)
			ReleaseScriptCaches (1ms)
			RebuildScriptCaches (94ms)
			SetupLoadedEditorAssemblies (854ms)
				LogAssemblyErrors (0ms)
				InitializePlatformSupportModulesInManaged (22ms)
				SetLoadedEditorAssemblies (0ms)
				RefreshPlugins (97ms)
				BeforeProcessingInitializeOnLoad (133ms)
				ProcessInitializeOnLoadAttributes (496ms)
				ProcessInitializeOnLoadMethodAttributes (99ms)
				AfterProcessingInitializeOnLoad (7ms)
				EditorAssembliesLoaded (0ms)
			ExecutionOrderSort2 (0ms)
			AwakeInstancesAfterBackupRestoration (6ms)
Platform modules already initialized, skipping
========================================================================
Worker process is ready to serve import requests
Shader 'Hidden/WaterTessellated': fallback shader 'Hidden/Water' not found
Shader 'WFX/Transparent Specular': fallback shader 'Particles/Alpha Blended' not found
Shader 'WFX/Transparent Diffuse': fallback shader 'Particles/Alpha Blended' not found
Shader 'NeatWolf/NW_Particle Rim AddSmooth': fallback shader 'Particles/Additive (Soft)' not found
Shader 'Hidden/WaterTessellated': fallback shader 'Hidden/Water' not found
Shader 'NeatWolf/NW_Particle Rim AddSmooth 2S': fallback shader 'Particles/Additive (Soft)' not found
Launched and connected shader compiler UnityShaderCompiler.exe after 0.08 seconds
Refreshing native plugins compatible for Editor in 1.29 ms, found 2 plugins.
Preloading 0 native plugins for Editor in 0.00 ms.
Unloading 5762 Unused Serialized files (Serialized files now loaded: 0)
Unloading 85 unused Assets / (1.0 MB). Loaded Objects now: 6194.
Memory consumption went from 256.8 MB to 255.9 MB.
Total: 4.505800 ms (FindLiveObjects: 0.471200 ms CreateObjectMapping: 0.389400 ms MarkObjects: 3.275500 ms  DeleteObjects: 0.368600 ms)

AssetImportParameters requested are different than current active one (requested -> active):
  custom:video-decoder-ogg-theora: a1e56fd34408186e4bbccfd4996cb3dc -> 
  custom:container-muxer-webm: aa71ff27fc2769a1b78a27578f13a17b -> 
  custom:container-demuxer-webm: 4f35f7cbe854078d1ac9338744f61a02 -> 
  custom:video-encoder-webm-vp8: eb34c28f22e8b96e1ab97ce403110664 -> 
  custom:audio-encoder-webm-vorbis: bf7c407c2cedff20999df2af8eb42d56 -> 
  custom:framework-win-MediaFoundation: 216162199b28c13a410421893ffa2e32 -> 
  custom:container-demuxer-ogg: 62fdf1f143b41e24485cea50d1cbac27 -> 
  custom:video-decoder-webm-vp8: 9c59270c3fd7afecdb556c50c9e8de78 -> 
  custom:audio-decoder-ogg-vorbis: bf7c407c2cedff20999df2af8eb42d56 -> 
========================================================================
Received Import Request.
  Time since last request: 20791.267475 seconds.
  path: Assets/Project/Generator/ProjectInitializer.cs
  artifactKey: Guid(0375ded6a1159e74f9ef013e2afd61a2) Importer(815301076,1909f56bfc062723c751e8b465ee728b)
Start importing Assets/Project/Generator/ProjectInitializer.cs using Guid(0375ded6a1159e74f9ef013e2afd61a2) Importer(815301076,1909f56bfc062723c751e8b465ee728b)  -> (artifact id: '0ffd9c0858b8c6434750101ee636e5bb') in 0.026867 seconds 
========================================================================
Received Prepare
Registering precompiled user dll's ...
Registered in 0.006171 seconds.
Begin MonoManager ReloadAssembly
Symbol file LoadedFromMemory is not a mono symbol file
Native extension for WindowsStandalone target not found
Native extension for Android target not found
Native extension for WebGL target not found
Refreshing native plugins compatible for Editor in 1.73 ms, found 2 plugins.
Preloading 0 native plugins for Editor in 0.00 ms.
Mono: successfully reloaded assembly

=================================================================
	Native Crash Reporting
=================================================================
Got a UNKNOWN while executing native code. This usually indicates
a fatal error in the mono runtime or one of the native libraries 
used by your application.
=================================================================

=================================================================
	Managed Stacktrace:
=================================================================
	  at <unknown> <0xffffffff>
	  at UnityEditor.AssetDatabase:ImportAsset <0x000eb>
	  at ME.ECSEditor.ScriptTemplates:Create <0x0188a>
	  at ME.ECSEditor.Generator:CompileDirectory <0x03c22>
	  at ME.ECSEditor.Generator:OnAfterAssemblyReload <0x0093a>
	  at ME.ECSEditor.StructComponentsGenerator:OnAfterAssemblyReload <0x000b2>
	  at UnityEditor.AssemblyReloadEvents:OnAfterAssemblyReload <0x001e6>
	  at System.Object:runtime_invoke_void <0x00184>
=================================================================
Received signal SIGSEGV
Obtained 35 stack frames
0x00007ff6b98e3a22 (Unity) <lambda_283f97c31f4e30d8552a28501eddf336>::operator()
0x00007ff6b991daa1 (Unity) LMDB_Transaction::Run
0x00007ff6b991de44 (Unity) SourceAssetDBWriteTxn::Run
0x00007ff6b98f2a4f (Unity) SourceAssetScanner::Refresh
0x00007ff6b98be7ec (Unity) ImportAtPathV2
0x00007ff6b984e822 (Unity) AssetDatabase::ImportAtPath
0x00007ff6b7d30879 (Unity) AssetDatabase_CUSTOM_ImportAsset
0x0000018fd11e6a5c (Mono JIT Code) (wrapper managed-to-native) UnityEditor.AssetDatabase:ImportAsset (string,UnityEditor.ImportAssetOptions)
0x0000018fd11e2d9b (Mono JIT Code) [ScriptTemplates.cs:191] ME.ECSEditor.ScriptTemplates:Create (string,string,string,System.Collections.Generic.Dictionary`2<string, string>,bool,System.Action`1<UnityEngine.Object>) 
0x0000018fd11ce073 (Mono JIT Code) [Generator.cs:496] ME.ECSEditor.Generator:CompileDirectory (string) 
0x0000018fd11c7c4b (Mono JIT Code) [Generator.cs:110] ME.ECSEditor.Generator:OnAfterAssemblyReload (bool,bool) 
0x0000018fd11c6e03 (Mono JIT Code) [StructComponentsGenerator.cs:82] ME.ECSEditor.StructComponentsGenerator:OnAfterAssemblyReload () 
0x0000018fd11c3eb7 (Mono JIT Code) UnityEditor.AssemblyReloadEvents:OnAfterAssemblyReload ()
0x0000018fd1191f15 (Mono JIT Code) (wrapper runtime-invoke) object:runtime_invoke_void (object,intptr,intptr,intptr)
0x00007ffe4ccce0a4 (mono-2.0-bdwgc) [mini-runtime.c:3445] mono_jit_runtime_invoke 
0x00007ffe4cc0e744 (mono-2.0-bdwgc) [object.c:3066] do_runtime_invoke 
0x00007ffe4cc0e8dc (mono-2.0-bdwgc) [object.c:3113] mono_runtime_invoke 
0x00007ff6b850f454 (Unity) scripting_method_invoke
0x00007ff6b850a074 (Unity) ScriptingInvocation::Invoke
0x00007ff6b84d9971 (Unity) MonoManager::EndReloadAssembly
0x00007ff6b84e0fe8 (Unity) MonoManager::ReloadAssembly
0x00007ff6b9413a62 (Unity) LoadDomainAndUserAssemblies
0x00007ff6b9414194 (Unity) LoadUserAssemblies
0x00007ff6b98a5508 (Unity) <lambda_c8aac203af85da22e031a8e6d38250eb>::operator()
0x00007ff6b993a402 (Unity) asio::detail::completion_handler<core::mutable_function<void __cdecl(void)> >::do_complete
0x00007ff6b993c68d (Unity) asio::detail::win_iocp_io_service::do_one
0x00007ff6b993faae (Unity) asio::io_service::run
0x00007ff6b99388a1 (Unity) IOService::Run
0x00007ff6b98d1d58 (Unity) RunAssetImportWorkerClientV2
0x00007ff6b98d1e2b (Unity) RunAssetImporterV2
0x00007ff6b910a680 (Unity) Application::InitializeProject
0x00007ff6b95626d8 (Unity) WinMain
0x00007ff6ba88427e (Unity) __scrt_common_main_seh
0x00007ffea62a7034 (KERNEL32) BaseThreadInitThunk
0x00007ffea75a2651 (ntdll) RtlUserThreadStart

