Using pre-set license
Built from '2020.3/release' branch; Version is '2020.3.27f1 (e759542391ea) revision 15161684'; Using compiler version '192528614'; Build Type 'Release'
OS: 'Windows 10  (10.0.19044) 64bit Professional' Language: 'ru' Physical Memory: 32701 MB
BatchMode: 1, IsHumanControllingUs: 0, StartBugReporterOnCrash: 0, Is64bit: 1, IsPro: 0

COMMAND LINE ARGUMENTS:
C:\Program Files\Unity\Hub\Editor\2020.3.27f1\Editor\Unity.exe
-adb2
-batchMode
-noUpm
-name
AssetImportWorker0
-projectPath
C:/Projects/qubix
-logFile
Logs/AssetImportWorker0.log
-srvPort
62300
Successfully changed project path to: C:/Projects/qubix
C:/Projects/qubix
Using Asset Import Pipeline V2.
Refreshing native plugins compatible for Editor in 137.70 ms, found 2 plugins.
Preloading 0 native plugins for Editor in 0.00 ms.
Initialize engine version: 2020.3.27f1 (e759542391ea)
[Subsystems] Discovering subsystems at path C:/Program Files/Unity/Hub/Editor/2020.3.27f1/Editor/Data/Resources/UnitySubsystems
[Subsystems] Discovering subsystems at path C:/Projects/qubix/Assets
GfxDevice: creating device client; threaded=0
Direct3D:
    Version:  Direct3D 11.0 [level 11.1]
    Renderer: NVIDIA GeForce RTX 2060 (ID=0x1f03)
    Vendor:   
    VRAM:     12087 MB
    Driver:   30.0.14.9709
Shader 'NeatWolf/NW_Particle Rim AddSmooth 2S': fallback shader 'Particles/Additive (Soft)' not found
Shader 'NeatWolf/NW_Particle Rim AddSmooth': fallback shader 'Particles/Additive (Soft)' not found
Shader 'WFX/Transparent Specular': fallback shader 'Particles/Alpha Blended' not found
Shader 'WFX/Transparent Diffuse': fallback shader 'Particles/Alpha Blended' not found
Shader 'Amazing Assets/Advanced Dissolve/Universal Render Pipeline/Particles/Lit': fallback shader 'Universal Render Pipeline/Particles/SimpleLit' not found
Initialize mono
Mono path[0] = 'C:/Program Files/Unity/Hub/Editor/2020.3.27f1/Editor/Data/Managed'
Mono path[1] = 'C:/Program Files/Unity/Hub/Editor/2020.3.27f1/Editor/Data/MonoBleedingEdge/lib/mono/unityjit'
Mono config path = 'C:/Program Files/Unity/Hub/Editor/2020.3.27f1/Editor/Data/MonoBleedingEdge/etc'
Using monoOptions --debugger-agent=transport=dt_socket,embedding=1,server=y,suspend=n,address=127.0.0.1:56268
Begin MonoManager ReloadAssembly
Registering precompiled unity dll's ...
Register platform support module: C:/Program Files/Unity/Hub/Editor/2020.3.27f1/Editor/Data/PlaybackEngines/WebGLSupport/UnityEditor.WebGL.Extensions.dll
Register platform support module: C:/Program Files/Unity/Hub/Editor/2020.3.27f1/Editor/Data/PlaybackEngines/WindowsStandaloneSupport/UnityEditor.WindowsStandalone.Extensions.dll
Registered in 0.001697 seconds.
Native extension for WindowsStandalone target not found
Native extension for WebGL target not found
Refreshing native plugins compatible for Editor in 133.62 ms, found 2 plugins.
Preloading 0 native plugins for Editor in 0.00 ms.
Mono: successfully reloaded assembly
- Completed reload, in  0.602 seconds
Domain Reload Profiling:
	ReloadAssembly (602ms)
		BeginReloadAssembly (59ms)
			ExecutionOrderSort (0ms)
			DisableScriptedObjects (0ms)
			BackupInstance (0ms)
			ReleaseScriptingObjects (0ms)
			CreateAndSetChildDomain (1ms)
		EndReloadAssembly (485ms)
			LoadAssemblies (58ms)
			RebuildTransferFunctionScriptingTraits (0ms)
			SetupTypeCache (120ms)
			ReleaseScriptCaches (0ms)
			RebuildScriptCaches (31ms)
			SetupLoadedEditorAssemblies (247ms)
				LogAssemblyErrors (0ms)
				InitializePlatformSupportModulesInManaged (5ms)
				SetLoadedEditorAssemblies (0ms)
				RefreshPlugins (134ms)
				BeforeProcessingInitializeOnLoad (13ms)
				ProcessInitializeOnLoadAttributes (72ms)
				ProcessInitializeOnLoadMethodAttributes (23ms)
				AfterProcessingInitializeOnLoad (0ms)
				EditorAssembliesLoaded (0ms)
			ExecutionOrderSort2 (0ms)
			AwakeInstancesAfterBackupRestoration (0ms)
Platform modules already initialized, skipping
Registering precompiled user dll's ...
Registered in 0.007457 seconds.
Begin MonoManager ReloadAssembly
Native extension for WindowsStandalone target not found
Native extension for WebGL target not found
Refreshing native plugins compatible for Editor in 76.43 ms, found 2 plugins.
Preloading 0 native plugins for Editor in 0.00 ms.
Mono: successfully reloaded assembly
- Completed reload, in  3.700 seconds
Domain Reload Profiling:
	ReloadAssembly (3700ms)
		BeginReloadAssembly (137ms)
			ExecutionOrderSort (0ms)
			DisableScriptedObjects (4ms)
			BackupInstance (0ms)
			ReleaseScriptingObjects (0ms)
			CreateAndSetChildDomain (17ms)
		EndReloadAssembly (3511ms)
			LoadAssemblies (110ms)
			RebuildTransferFunctionScriptingTraits (0ms)
			SetupTypeCache (1737ms)
			ReleaseScriptCaches (1ms)
			RebuildScriptCaches (123ms)
			SetupLoadedEditorAssemblies (1228ms)
				LogAssemblyErrors (0ms)
				InitializePlatformSupportModulesInManaged (4ms)
				SetLoadedEditorAssemblies (0ms)
				RefreshPlugins (76ms)
				BeforeProcessingInitializeOnLoad (144ms)
				ProcessInitializeOnLoadAttributes (986ms)
				ProcessInitializeOnLoadMethodAttributes (14ms)
				AfterProcessingInitializeOnLoad (4ms)
				EditorAssembliesLoaded (0ms)
			ExecutionOrderSort2 (0ms)
			AwakeInstancesAfterBackupRestoration (6ms)
Platform modules already initialized, skipping
========================================================================
Worker process is ready to serve import requests
Shader 'Hidden/WaterTessellated': fallback shader 'Hidden/Water' not found
Shader 'Amazing Assets/Advanced Dissolve/Universal Render Pipeline/Particles/Lit': fallback shader 'Universal Render Pipeline/Particles/SimpleLit' not found
Shader 'NeatWolf/NW_Particle Rim AddSmooth': fallback shader 'Particles/Additive (Soft)' not found
Shader 'WFX/Transparent Specular': fallback shader 'Particles/Alpha Blended' not found
Shader 'NeatWolf/NW_Particle Rim AddSmooth 2S': fallback shader 'Particles/Additive (Soft)' not found
Shader 'Hidden/WaterTessellated': fallback shader 'Hidden/Water' not found
Shader 'WFX/Transparent Diffuse': fallback shader 'Particles/Alpha Blended' not found
Launched and connected shader compiler UnityShaderCompiler.exe after 0.05 seconds
Refreshing native plugins compatible for Editor in 1.46 ms, found 2 plugins.
Preloading 0 native plugins for Editor in 0.00 ms.
Unloading 5953 Unused Serialized files (Serialized files now loaded: 0)
System memory in use before: 263.6 MB.
System memory in use after: 263.2 MB.

Unloading 70 unused Assets to reduce memory usage. Loaded Objects now: 6359.
Total: 4.769900 ms (FindLiveObjects: 0.426000 ms CreateObjectMapping: 0.304600 ms MarkObjects: 3.575200 ms  DeleteObjects: 0.463300 ms)

AssetImportParameters requested are different than current active one (requested -> active):
  custom:framework-win-MediaFoundation: 216162199b28c13a410421893ffa2e32 -> 
  custom:video-decoder-ogg-theora: a1e56fd34408186e4bbccfd4996cb3dc -> 
  custom:container-muxer-webm: aa71ff27fc2769a1b78a27578f13a17b -> 
  custom:container-demuxer-webm: 4f35f7cbe854078d1ac9338744f61a02 -> 
  custom:container-demuxer-ogg: 62fdf1f143b41e24485cea50d1cbac27 -> 
  custom:video-encoder-webm-vp8: eb34c28f22e8b96e1ab97ce403110664 -> 
  custom:video-decoder-webm-vp8: 9c59270c3fd7afecdb556c50c9e8de78 -> 
  custom:audio-decoder-ogg-vorbis: bf7c407c2cedff20999df2af8eb42d56 -> 
  custom:audio-encoder-webm-vorbis: bf7c407c2cedff20999df2af8eb42d56 -> 
========================================================================
Received Import Request.
  path: Assets/Project/Modules/Network/NetworkData.cs
  artifactKey: Guid(0333ce3eb1f9d0142898efb8eb365361) Importer(815301076,1909f56bfc062723c751e8b465ee728b)
Start importing Assets/Project/Modules/Network/NetworkData.cs using Guid(0333ce3eb1f9d0142898efb8eb365361) Importer(815301076,1909f56bfc062723c751e8b465ee728b)  -> (artifact id: '44adec71c3a0e7db0fc0acea90cfb0d3') in 0.020727 seconds 
  Import took 0.029638 seconds .

========================================================================
Received Import Request.
  Time since last request: 0.000195 seconds.
  path: Assets/Project/Modules/Network/ConnectingSteps.cs
  artifactKey: Guid(997872f1283fe0f458ab7335e5cd4b4a) Importer(815301076,1909f56bfc062723c751e8b465ee728b)
Start importing Assets/Project/Modules/Network/ConnectingSteps.cs using Guid(997872f1283fe0f458ab7335e5cd4b4a) Importer(815301076,1909f56bfc062723c751e8b465ee728b)  -> (artifact id: '72125c2d3c353662977a5bc225bf0468') in 0.004891 seconds 
  Import took 0.013390 seconds .

========================================================================
Received Import Request.
  Time since last request: 0.000182 seconds.
  path: Assets/Project/Modules/Network/ConnectSupport.cs
  artifactKey: Guid(5beb30b7ced6cda4cb9c221f601f9036) Importer(815301076,1909f56bfc062723c751e8b465ee728b)
Start importing Assets/Project/Modules/Network/ConnectSupport.cs using Guid(5beb30b7ced6cda4cb9c221f601f9036) Importer(815301076,1909f56bfc062723c751e8b465ee728b)  -> (artifact id: 'cf600dd4c5b6b435174a0534efe2d3e6') in 0.005013 seconds 
  Import took 0.013183 seconds .

========================================================================
Received Import Request.
  Time since last request: 0.000179 seconds.
  path: Assets/Project/Modules/Network/NetworkModule.cs
  artifactKey: Guid(3cfd40718fe4190419ccb378c84bc286) Importer(815301076,1909f56bfc062723c751e8b465ee728b)
Start importing Assets/Project/Modules/Network/NetworkModule.cs using Guid(3cfd40718fe4190419ccb378c84bc286) Importer(815301076,1909f56bfc062723c751e8b465ee728b)  -> (artifact id: '282c75c06a2c658a2794bc866dcc6a97') in 0.005913 seconds 
  Import took 0.014952 seconds .

========================================================================
Received Import Request.
  Time since last request: 5.907810 seconds.
  path: Assets/Project/Modules/Network/NetworkModule.cs
  artifactKey: Guid(3cfd40718fe4190419ccb378c84bc286) Importer(815301076,1909f56bfc062723c751e8b465ee728b)
Start importing Assets/Project/Modules/Network/NetworkModule.cs using Guid(3cfd40718fe4190419ccb378c84bc286) Importer(815301076,1909f56bfc062723c751e8b465ee728b)  -> (artifact id: 'f3a1c90a2849067c98131b9c1f8ffd80') in 0.003479 seconds 
  Import took 0.012955 seconds .

========================================================================
Received Prepare
Registering precompiled user dll's ...
Registered in 0.007143 seconds.
Begin MonoManager ReloadAssembly
Native extension for WindowsStandalone target not found
Native extension for WebGL target not found
Refreshing native plugins compatible for Editor in 1.59 ms, found 2 plugins.
Preloading 0 native plugins for Editor in 0.00 ms.
Mono: successfully reloaded assembly
- Completed reload, in  2.647 seconds
Domain Reload Profiling:
	ReloadAssembly (2647ms)
		BeginReloadAssembly (129ms)
			ExecutionOrderSort (0ms)
			DisableScriptedObjects (5ms)
			BackupInstance (0ms)
			ReleaseScriptingObjects (0ms)
			CreateAndSetChildDomain (49ms)
		EndReloadAssembly (2462ms)
			LoadAssemblies (102ms)
			RebuildTransferFunctionScriptingTraits (0ms)
			SetupTypeCache (1488ms)
			ReleaseScriptCaches (2ms)
			RebuildScriptCaches (77ms)
			SetupLoadedEditorAssemblies (567ms)
				LogAssemblyErrors (0ms)
				InitializePlatformSupportModulesInManaged (4ms)
				SetLoadedEditorAssemblies (2ms)
				RefreshPlugins (2ms)
				BeforeProcessingInitializeOnLoad (132ms)
				ProcessInitializeOnLoadAttributes (409ms)
				ProcessInitializeOnLoadMethodAttributes (13ms)
				AfterProcessingInitializeOnLoad (4ms)
				EditorAssembliesLoaded (0ms)
			ExecutionOrderSort2 (0ms)
			AwakeInstancesAfterBackupRestoration (28ms)
Platform modules already initialized, skipping
Shader 'Hidden/WaterTessellated': fallback shader 'Hidden/Water' not found
Shader 'Amazing Assets/Advanced Dissolve/Universal Render Pipeline/Particles/Lit': fallback shader 'Universal Render Pipeline/Particles/SimpleLit' not found
Shader 'Hidden/WaterTessellated': fallback shader 'Hidden/Water' not found
Shader 'NeatWolf/NW_Particle Rim AddSmooth': fallback shader 'Particles/Additive (Soft)' not found
Shader 'WFX/Transparent Specular': fallback shader 'Particles/Alpha Blended' not found
Shader 'NeatWolf/NW_Particle Rim AddSmooth 2S': fallback shader 'Particles/Additive (Soft)' not found
Shader 'WFX/Transparent Diffuse': fallback shader 'Particles/Alpha Blended' not found
Refreshing native plugins compatible for Editor in 1.46 ms, found 2 plugins.
Preloading 0 native plugins for Editor in 0.00 ms.
Unloading 5767 Unused Serialized files (Serialized files now loaded: 0)
System memory in use before: 257.0 MB.
System memory in use after: 256.8 MB.

Unloading 63 unused Assets to reduce memory usage. Loaded Objects now: 6361.
Total: 4.786900 ms (FindLiveObjects: 0.422500 ms CreateObjectMapping: 0.313200 ms MarkObjects: 3.569500 ms  DeleteObjects: 0.480600 ms)

AssetImportParameters requested are different than current active one (requested -> active):
  custom:framework-win-MediaFoundation: 216162199b28c13a410421893ffa2e32 -> 
  custom:video-decoder-ogg-theora: a1e56fd34408186e4bbccfd4996cb3dc -> 
  custom:container-muxer-webm: aa71ff27fc2769a1b78a27578f13a17b -> 
  custom:container-demuxer-webm: 4f35f7cbe854078d1ac9338744f61a02 -> 
  custom:container-demuxer-ogg: 62fdf1f143b41e24485cea50d1cbac27 -> 
  custom:video-encoder-webm-vp8: eb34c28f22e8b96e1ab97ce403110664 -> 
  custom:video-decoder-webm-vp8: 9c59270c3fd7afecdb556c50c9e8de78 -> 
  custom:audio-decoder-ogg-vorbis: bf7c407c2cedff20999df2af8eb42d56 -> 
  custom:audio-encoder-webm-vorbis: bf7c407c2cedff20999df2af8eb42d56 -> 
========================================================================
Received Import Request.
  Time since last request: 30.759358 seconds.
  path: Assets/Project/Scenes/ConnectScene.unity
  artifactKey: Guid(a2d3aeef5f51e5942b305dcf8a6cb02a) Importer(815301076,1909f56bfc062723c751e8b465ee728b)
Start importing Assets/Project/Scenes/ConnectScene.unity using Guid(a2d3aeef5f51e5942b305dcf8a6cb02a) Importer(815301076,1909f56bfc062723c751e8b465ee728b)  -> (artifact id: 'b9e2aaf77a7bdff53ee1ee851ee08794') in 0.029788 seconds 
  Import took 0.040379 seconds .

========================================================================
Received Import Request.
  Time since last request: 74.332189 seconds.
  path: Assets/Project/Generator/gen/compiler.gen.structcomponents.cs
  artifactKey: Guid(d4a67e229784d3e45b394e21a354d4de) Importer(815301076,1909f56bfc062723c751e8b465ee728b)
Start importing Assets/Project/Generator/gen/compiler.gen.structcomponents.cs using Guid(d4a67e229784d3e45b394e21a354d4de) Importer(815301076,1909f56bfc062723c751e8b465ee728b)  -> (artifact id: 'f68d83a4386344b3c1f854b37c847b22') in 0.006077 seconds 
  Import took 0.016795 seconds .

========================================================================
Received Prepare
Registering precompiled user dll's ...
Registered in 0.008000 seconds.
Begin MonoManager ReloadAssembly
Native extension for WindowsStandalone target not found
Native extension for WebGL target not found
Refreshing native plugins compatible for Editor in 1.44 ms, found 2 plugins.
Preloading 0 native plugins for Editor in 0.00 ms.
Mono: successfully reloaded assembly
Received signal SIGSEGV
Stack trace:
0x00007ff72e4fc628 (Unity) <lambda_88a709b3b671b0ca13d98e48172ea63d>::operator()
0x00007ff72e532fe4 (Unity) LMDB_Transaction::Run
0x00007ff72e5332c0 (Unity) SourceAssetDBWriteTxn::Run
0x00007ff72e509a96 (Unity) SourceAssetScanner::Refresh
0x00007ff72e4dd516 (Unity) ImportAtPathV2
0x00007ff72e477dd2 (Unity) AssetDatabase::ImportAtPath
0x00007ff72e91254f (Unity) AssetDatabase_CUSTOM_ImportAsset
0x00000150b146c4a7 (Mono JIT Code) (wrapper managed-to-native) UnityEditor.AssetDatabase:ImportAsset (string,UnityEditor.ImportAssetOptions)
0x00000150b1468ea3 (Mono JIT Code) [ScriptTemplates.cs:191] ME.ECSEditor.ScriptTemplates:Create (string,string,string,System.Collections.Generic.Dictionary`2<string, string>,bool,System.Action`1<UnityEngine.Object>) 
0x00000150b14543a3 (Mono JIT Code) [Generator.cs:496] ME.ECSEditor.Generator:CompileDirectory (string) 
0x00000150ad4cf82b (Mono JIT Code) [Generator.cs:110] ME.ECSEditor.Generator:OnAfterAssemblyReload (bool,bool) 
0x00000150ad4ce9e3 (Mono JIT Code) [StructComponentsGenerator.cs:82] ME.ECSEditor.StructComponentsGenerator:OnAfterAssemblyReload () 
0x00000150ad4ce8ab (Mono JIT Code) UnityEditor.AssemblyReloadEvents:OnAfterAssemblyReload ()
0x00000150ad2b46c5 (Mono JIT Code) (wrapper runtime-invoke) object:runtime_invoke_void (object,intptr,intptr,intptr)
0x00007fff52b5f1e0 (mono-2.0-bdwgc) [mini-runtime.c:2849] mono_jit_runtime_invoke 
0x00007fff52ae2ac2 (mono-2.0-bdwgc) [object.c:2921] do_runtime_invoke 
0x00007fff52aebb1f (mono-2.0-bdwgc) [object.c:2968] mono_runtime_invoke 
0x00007ff72d5bd7f4 (Unity) scripting_method_invoke
0x00007ff72d5b8ad1 (Unity) ScriptingInvocation::Invoke
0x00007ff72d588490 (Unity) MonoManager::EndReloadAssembly
0x00007ff72d58f0e7 (Unity) MonoManager::ReloadAssembly
0x00007ff72e28f051 (Unity) LoadDomainAndUserAssemblies
0x00007ff72e28f6b9 (Unity) LoadUserAssemblies
0x00007ff72e4c4fd8 (Unity) <lambda_b7fd2194c9d98d5c5f8d87939b09ad6c>::operator()
0x00007ff72e54bee2 (Unity) asio::detail::completion_handler<core::mutable_function<void __cdecl(void)> >::do_complete
0x00007ff72e54e040 (Unity) asio::detail::win_iocp_io_service::do_one
0x00007ff72e5517be (Unity) asio::io_service::run
0x00007ff72e4ed4db (Unity) RunAssetImportWorkerClientV2
0x00007ff72e4ed530 (Unity) RunAssetImporterV2
0x00007ff72df93a89 (Unity) Application::InitializeProject
0x00007ff72e3e9722 (Unity) WinMain
0x00007ff72fa795ce (Unity) __scrt_common_main_seh
0x00007fffaa087034 (KERNEL32) BaseThreadInitThunk
0x00007fffabdc2651 (ntdll) RtlUserThreadStart

